# JRE version: 7.0_09-b05
# Java VM: Java HotSpot(TM) Client VM (23.5-b02 mixed mode windows-x86 )
Heap
 def new generation   total 4928K, used 768K [0x04600000, 0x04b50000, 0x09b50000)
  eden space 4416K,  17% used [0x04600000, 0x046bfdf8, 0x04a50000)
  from space 512K,   0% used [0x04ad0000, 0x04ad0418, 0x04b50000)
  to   space 512K,   0% used [0x04a50000, 0x04a50000, 0x04ad0000)
 tenured generation   total 10944K, used 4213K [0x09b50000, 0x0a600000, 0x14600000)
   the space 10944K,  38% used [0x09b50000, 0x09f6d470, 0x09f6d600, 0x0a600000)
 compacting perm gen  total 12288K, used 5972K [0x14600000, 0x15200000, 0x18600000)
   the space 12288K,  48% used [0x14600000, 0x14bd5188, 0x14bd5200, 0x15200000)
GC Heap History (10 events):
Event: 43.628 GC heap before
{Heap before GC invocations=76 (full 0):
 def new generation   total 4928K, used 4416K [0x04600000, 0x04b50000, 0x09b50000)
  eden space 4416K, 100% used [0x04600000, 0x04a50000, 0x04a50000)
  from space 512K,   0% used [0x04a50000, 0x04a502f8, 0x04ad0000)
  to   space 512K,   0% used [0x04ad0000, 0x04ad0000, 0x04b50000)
 tenured generation   total 10944K, used 4213K [0x09b50000, 0x0a600000, 0x14600000)
   the space 10944K,  38% used [0x09b50000, 0x09f6d470, 0x09f6d600, 0x0a600000)
 compacting perm gen  total 12288K, used 5963K [0x14600000, 0x15200000, 0x18600000)
   the space 12288K,  48% used [0x14600000, 0x14bd2c78, 0x14bd2e00, 0x15200000)
No shared spaces configured.
Event: 43.628 GC heap after
Heap after GC invocations=77 (full 0):
 def new generation   total 4928K, used 1K [0x04600000, 0x04b50000, 0x09b50000)
  eden space 4416K,   0% used [0x04600000, 0x04600000, 0x04a50000)
  from space 512K,   0% used [0x04ad0000, 0x04ad0430, 0x04b50000)
  to   space 512K,   0% used [0x04a50000, 0x04a50000, 0x04ad0000)
 tenured generation   total 10944K, used 4213K [0x09b50000, 0x0a600000, 0x14600000)
   the space 10944K,  38% used [0x09b50000, 0x09f6d470, 0x09f6d600, 0x0a600000)
 compacting perm gen  total 12288K, used 5963K [0x14600000, 0x15200000, 0x18600000)
   the space 12288K,  48% used [0x14600000, 0x14bd2c78, 0x14bd2e00, 0x15200000)
No shared spaces configured.
}
Event: 44.071 GC heap before
{Heap before GC invocations=77 (full 0):
 def new generation   total 4928K, used 4417K [0x04600000, 0x04b50000, 0x09b50000)
  eden space 4416K, 100% used [0x04600000, 0x04a50000, 0x04a50000)
  from space 512K,   0% used [0x04ad0000, 0x04ad0430, 0x04b50000)
  to   space 512K,   0% used [0x04a50000, 0x04a50000, 0x04ad0000)
 tenured generation   total 10944K, used 4213K [0x09b50000, 0x0a600000, 0x14600000)
   the space 10944K,  38% used [0x09b50000, 0x09f6d470, 0x09f6d600, 0x0a600000)
 compacting perm gen  total 12288K, used 5963K [0x14600000, 0x15200000, 0x18600000)
   the space 12288K,  48% used [0x14600000, 0x14bd2c78, 0x14bd2e00, 0x15200000)
No shared spaces configured.
Event: 44.072 GC heap after
Heap after GC invocations=78 (full 0):
 def new generation   total 4928K, used 0K [0x04600000, 0x04b50000, 0x09b50000)
  eden space 4416K,   0% used [0x04600000, 0x04600000, 0x04a50000)
  from space 512K,   0% used [0x04a50000, 0x04a503d8, 0x04ad0000)
  to   space 512K,   0% used [0x04ad0000, 0x04ad0000, 0x04b50000)
 tenured generation   total 10944K, used 4213K [0x09b50000, 0x0a600000, 0x14600000)
   the space 10944K,  38% used [0x09b50000, 0x09f6d470, 0x09f6d600, 0x0a600000)
 compacting perm gen  total 12288K, used 5963K [0x14600000, 0x15200000, 0x18600000)
   the space 12288K,  48% used [0x14600000, 0x14bd2c78, 0x14bd2e00, 0x15200000)
No shared spaces configured.
}
Event: 44.413 GC heap before
{Heap before GC invocations=78 (full 0):
 def new generation   total 4928K, used 4416K [0x04600000, 0x04b50000, 0x09b50000)
  eden space 4416K, 100% used [0x04600000, 0x04a50000, 0x04a50000)
  from space 512K,   0% used [0x04a50000, 0x04a503d8, 0x04ad0000)
  to   space 512K,   0% used [0x04ad0000, 0x04ad0000, 0x04b50000)
 tenured generation   total 10944K, used 4213K [0x09b50000, 0x0a600000, 0x14600000)
   the space 10944K,  38% used [0x09b50000, 0x09f6d470, 0x09f6d600, 0x0a600000)
 compacting perm gen  total 12288K, used 5963K [0x14600000, 0x15200000, 0x18600000)
   the space 12288K,  48% used [0x14600000, 0x14bd2c78, 0x14bd2e00, 0x15200000)
No shared spaces configured.
Event: 44.413 GC heap after
Heap after GC invocations=79 (full 0):
 def new generation   total 4928K, used 0K [0x04600000, 0x04b50000, 0x09b50000)
  eden space 4416K,   0% used [0x04600000, 0x04600000, 0x04a50000)
  from space 512K,   0% used [0x04ad0000, 0x04ad03c0, 0x04b50000)
  to   space 512K,   0% used [0x04a50000, 0x04a50000, 0x04ad0000)
 tenured generation   total 10944K, used 4213K [0x09b50000, 0x0a600000, 0x14600000)
   the space 10944K,  38% used [0x09b50000, 0x09f6d470, 0x09f6d600, 0x0a600000)
 compacting perm gen  total 12288K, used 5963K [0x14600000, 0x15200000, 0x18600000)
   the space 12288K,  48% used [0x14600000, 0x14bd2c78, 0x14bd2e00, 0x15200000)
No shared spaces configured.
}
Event: 44.809 GC heap before
{Heap before GC invocations=79 (full 0):
 def new generation   total 4928K, used 4416K [0x04600000, 0x04b50000, 0x09b50000)
  eden space 4416K, 100% used [0x04600000, 0x04a50000, 0x04a50000)
  from space 512K,   0% used [0x04ad0000, 0x04ad03c0, 0x04b50000)
  to   space 512K,   0% used [0x04a50000, 0x04a50000, 0x04ad0000)
 tenured generation   total 10944K, used 4213K [0x09b50000, 0x0a600000, 0x14600000)
   the space 10944K,  38% used [0x09b50000, 0x09f6d470, 0x09f6d600, 0x0a600000)
 compacting perm gen  total 12288K, used 5963K [0x14600000, 0x15200000, 0x18600000)
   the space 12288K,  48% used [0x14600000, 0x14bd2c78, 0x14bd2e00, 0x15200000)
No shared spaces configured.
Event: 44.809 GC heap after
Heap after GC invocations=80 (full 0):
 def new generation   total 4928K, used 1K [0x04600000, 0x04b50000, 0x09b50000)
  eden space 4416K,   0% used [0x04600000, 0x04600000, 0x04a50000)
  from space 512K,   0% used [0x04a50000, 0x04a50418, 0x04ad0000)
  to   space 512K,   0% used [0x04ad0000, 0x04ad0000, 0x04b50000)
 tenured generation   total 10944K, used 4213K [0x09b50000, 0x0a600000, 0x14600000)
   the space 10944K,  38% used [0x09b50000, 0x09f6d470, 0x09f6d600, 0x0a600000)
 compacting perm gen  total 12288K, used 5963K [0x14600000, 0x15200000, 0x18600000)
   the space 12288K,  48% used [0x14600000, 0x14bd2c78, 0x14bd2e00, 0x15200000)
No shared spaces configured.
}
Event: 45.262 GC heap before
{Heap before GC invocations=80 (full 0):
 def new generation   total 4928K, used 4417K [0x04600000, 0x04b50000, 0x09b50000)
  eden space 4416K, 100% used [0x04600000, 0x04a50000, 0x04a50000)
  from space 512K,   0% used [0x04a50000, 0x04a50418, 0x04ad0000)
  to   space 512K,   0% used [0x04ad0000, 0x04ad0000, 0x04b50000)
 tenured generation   total 10944K, used 4213K [0x09b50000, 0x0a600000, 0x14600000)
   the space 10944K,  38% used [0x09b50000, 0x09f6d470, 0x09f6d600, 0x0a600000)
 compacting perm gen  total 12288K, used 5963K [0x14600000, 0x15200000, 0x18600000)
   the space 12288K,  48% used [0x14600000, 0x14bd2c78, 0x14bd2e00, 0x15200000)
No shared spaces configured.
Event: 45.263 GC heap after
Heap after GC invocations=81 (full 0):
 def new generation   total 4928K, used 1K [0x04600000, 0x04b50000, 0x09b50000)
  eden space 4416K,   0% used [0x04600000, 0x04600000, 0x04a50000)
  from space 512K,   0% used [0x04ad0000, 0x04ad0418, 0x04b50000)
  to   space 512K,   0% used [0x04a50000, 0x04a50000, 0x04ad0000)
 tenured generation   total 10944K, used 4213K [0x09b50000, 0x0a600000, 0x14600000)
   the space 10944K,  38% used [0x09b50000, 0x09f6d470, 0x09f6d600, 0x0a600000)
 compacting perm gen  total 12288K, used 5963K [0x14600000, 0x15200000, 0x18600000)
   the space 12288K,  48% used [0x14600000, 0x14bd2c78, 0x14bd2e00, 0x15200000)
No shared spaces configured.
}

